Flutter crash report.
Please report a bug at https://github.com/flutter/flutter/issues.

## command

flutter --no-color run --machine --track-widget-creation --device-id=chrome --start-paused --dart-define=flutter.inspector.structuredErrors=true lib\main.dart

## exception

StateError: Bad state: No context with the running Dart application.

```
#0      RemoteDebuggerExecutionContext.id (package:dwds/src/debugging/execution_context.dart:55:7)
<asynchronous suspension>
#1      AppInspector._getExtensionRpcs (package:dwds/src/debugging/inspector.dart:538:20)
<asynchronous suspension>
#2      AppInspector._initialize (package:dwds/src/debugging/inspector.dart:97:34)
<asynchronous suspension>
#3      AppInspector.initialize (package:dwds/src/debugging/inspector.dart:160:5)
<asynchronous suspension>
#4      ChromeProxyService.createIsolate (package:dwds/src/services/chrome_proxy_service.dart:216:18)
<asynchronous suspension>
```

## flutter doctor

```
[✓] Flutter (Channel stable, 2.10.5, on Microsoft Windows [Version 10.0.19044.1706], locale en-CA)
    • Flutter version 2.10.5 at C:\Users\martin.fokam-simo\Documents\Flutter App\flutter
    • Upstream repository https://github.com/flutter/flutter.git
    • Framework revision 5464c5bac7 (9 weeks ago), 2022-04-18 09:55:37 -0700
    • Engine revision 57d3bac3dd
    • Dart version 2.16.2
    • DevTools version 2.9.2

[✓] Android toolchain - develop for Android devices (Android SDK version 32.1.0-rc1)
    • Android SDK at C:\Users\martin.fokam-simo\AppData\Local\Android\sdk
    • Platform android-32, build-tools 32.1.0-rc1
    • Java binary at: C:\Program Files\Android\Android Studio1\jre\bin\java
    • Java version OpenJDK Runtime Environment (build 11.0.11+9-b60-7590822)
    • All Android licenses accepted.

[✓] Chrome - develop for the web
    • Chrome at C:\Program Files (x86)\Google\Chrome\Application\chrome.exe

[!] Visual Studio - develop for Windows (Visual Studio Build Tools 2019 16.11.14)
    • Visual Studio at C:\Program Files (x86)\Microsoft Visual Studio\2019\BuildTools
    • Visual Studio Build Tools 2019 version 16.11.32428.217
    • Windows 10 SDK version 10.0.19041.0
    ✗ The current Visual Studio installation is incomplete. Please reinstall Visual Studio.

[✓] Android Studio (version 2021.1)
    • Android Studio at C:\Program Files\Android\Android Studio1
    • Flutter plugin can be installed from:
      🔨 https://plugins.jetbrains.com/plugin/9212-flutter
    • Dart plugin can be installed from:
      🔨 https://plugins.jetbrains.com/plugin/6351-dart
    • Java version OpenJDK Runtime Environment (build 11.0.11+9-b60-7590822)

[✓] IntelliJ IDEA Community Edition (version 2021.3)
    • IntelliJ at C:\Program Files\JetBrains\IntelliJ IDEA Community Edition 2021.3.1
    • Flutter plugin can be installed from:
      🔨 https://plugins.jetbrains.com/plugin/9212-flutter
    • Dart plugin can be installed from:
      🔨 https://plugins.jetbrains.com/plugin/6351-dart

[✓] VS Code, 64-bit edition (version 1.67.2)
    • VS Code at C:\Program Files\Microsoft VS Code
    • Flutter extension version 3.42.0

[✓] Connected device (2 available)
    • Chrome (web) • chrome • web-javascript • Google Chrome 102.0.5005.115
    • Edge (web)   • edge   • web-javascript • Microsoft Edge 102.0.1245.44

[✓] HTTP Host Availability
    • All required HTTP hosts are available

! Doctor found issues in 1 category.
```
